[      42ms] [LOG] [Fast Refresh] rebuilding @ http://localhost:3000/_next/static/chunks/b2633_next_dist_client_6f3397._.js:12439
[     190ms] [INFO] %cDownload the React DevTools for a better development experience: https://react.dev/link/react-devtools font-weight:bold @ http://localhost:3000/_next/static/chunks/b2633_next_dist_compiled_react-dom_d10fbd._.js:13925
[     244ms] [LOG] [Fast Refresh] rebuilding @ http://localhost:3000/_next/static/chunks/b2633_next_dist_client_6f3397._.js:12439
[   12756ms] [LOG] [Fast Refresh] rebuilding @ http://localhost:3000/_next/static/chunks/b2633_next_dist_client_6f3397._.js:12439
[   27012ms] [LOG] [Fast Refresh] rebuilding @ http://localhost:3000/_next/static/chunks/b2633_next_dist_client_6f3397._.js:12439
[   50135ms] [LOG] [Fast Refresh] rebuilding @ http://localhost:3000/_next/static/chunks/b2633_next_dist_client_6f3397._.js:12439
[   77282ms] [LOG] [Fast Refresh] rebuilding @ http://localhost:3000/_next/static/chunks/b2633_next_dist_client_6f3397._.js:12439
[   89409ms] [LOG] [Fast Refresh] rebuilding @ http://localhost:3000/_next/static/chunks/b2633_next_dist_client_6f3397._.js:12439
[  127656ms] [LOG] [Fast Refresh] rebuilding @ http://localhost:3000/_next/static/chunks/b2633_next_dist_client_6f3397._.js:12439
[  128021ms] [LOG] [Fast Refresh] rebuilding @ http://localhost:3000/_next/static/chunks/b2633_next_dist_client_6f3397._.js:12439
[  129725ms] [LOG] [Fast Refresh] rebuilding @ http://localhost:3000/_next/static/chunks/b2633_next_dist_client_6f3397._.js:12439
[  137567ms] [LOG] [Fast Refresh] rebuilding @ http://localhost:3000/_next/static/chunks/b2633_next_dist_client_6f3397._.js:12439
[  137643ms] [LOG] [Fast Refresh] rebuilding @ http://localhost:3000/_next/static/chunks/b2633_next_dist_client_6f3397._.js:12439
[  168775ms] [LOG] [Fast Refresh] rebuilding @ http://localhost:3000/_next/static/chunks/b2633_next_dist_client_6f3397._.js:12439
[  357312ms] [LOG] [Fast Refresh] rebuilding @ http://localhost:3000/_next/static/chunks/b2633_next_dist_client_6f3397._.js:12439
[  357610ms] [LOG] [Fast Refresh] done in 299ms @ http://localhost:3000/_next/static/chunks/b2633_next_dist_client_6f3397._.js:12266
[  388637ms] [LOG] [Fast Refresh] rebuilding @ http://localhost:3000/_next/static/chunks/b2633_next_dist_client_6f3397._.js:12439
[  420474ms] [LOG] [Fast Refresh] rebuilding @ http://localhost:3000/_next/static/chunks/b2633_next_dist_client_6f3397._.js:12439
[  420526ms] [LOG] [Fast Refresh] rebuilding @ http://localhost:3000/_next/static/chunks/b2633_next_dist_client_6f3397._.js:12439
[  420863ms] [LOG] [Fast Refresh] rebuilding @ http://localhost:3000/_next/static/chunks/b2633_next_dist_client_6f3397._.js:12439
[  422492ms] [LOG] [Fast Refresh] rebuilding @ http://localhost:3000/_next/static/chunks/b2633_next_dist_client_6f3397._.js:12439
[  439460ms] [LOG] [Fast Refresh] rebuilding @ http://localhost:3000/_next/static/chunks/b2633_next_dist_client_6f3397._.js:12439
[  439628ms] [LOG] [Fast Refresh] done in 169ms @ http://localhost:3000/_next/static/chunks/b2633_next_dist_client_6f3397._.js:12266
[  470653ms] [LOG] [Fast Refresh] rebuilding @ http://localhost:3000/_next/static/chunks/b2633_next_dist_client_6f3397._.js:12439
[  473068ms] [LOG] [Fast Refresh] rebuilding @ http://localhost:3000/_next/static/chunks/b2633_next_dist_client_6f3397._.js:12439
[  473154ms] [LOG] [Fast Refresh] done in 85ms @ http://localhost:3000/_next/static/chunks/b2633_next_dist_client_6f3397._.js:12266
[  499798ms] [LOG] [Fast Refresh] rebuilding @ http://localhost:3000/_next/static/chunks/b2633_next_dist_client_6f3397._.js:12439
[  499893ms] [LOG] [Fast Refresh] done in 95ms @ http://localhost:3000/_next/static/chunks/b2633_next_dist_client_6f3397._.js:12266
[  530915ms] [LOG] [Fast Refresh] rebuilding @ http://localhost:3000/_next/static/chunks/b2633_next_dist_client_6f3397._.js:12439
[  532458ms] [LOG] [Fast Refresh] rebuilding @ http://localhost:3000/_next/static/chunks/b2633_next_dist_client_6f3397._.js:12439
[  532569ms] [LOG] [Fast Refresh] done in 110ms @ http://localhost:3000/_next/static/chunks/b2633_next_dist_client_6f3397._.js:12266
[  540364ms] [LOG] [Fast Refresh] rebuilding @ http://localhost:3000/_next/static/chunks/b2633_next_dist_client_6f3397._.js:12439
[  541091ms] [LOG] [Fast Refresh] done in 727ms @ http://localhost:3000/_next/static/chunks/b2633_next_dist_client_6f3397._.js:12266
[  556681ms] [LOG] [Fast Refresh] rebuilding @ http://localhost:3000/_next/static/chunks/b2633_next_dist_client_6f3397._.js:12439
[  556903ms] [LOG] [Fast Refresh] done in 223ms @ http://localhost:3000/_next/static/chunks/b2633_next_dist_client_6f3397._.js:12266
[  578957ms] [LOG] [Fast Refresh] rebuilding @ http://localhost:3000/_next/static/chunks/b2633_next_dist_client_6f3397._.js:12439
[  579112ms] [LOG] [Fast Refresh] done in 155ms @ http://localhost:3000/_next/static/chunks/b2633_next_dist_client_6f3397._.js:12266
[  583172ms] [LOG] [Fast Refresh] rebuilding @ http://localhost:3000/_next/static/chunks/b2633_next_dist_client_6f3397._.js:12439
[  583233ms] [LOG] [Fast Refresh] done in 62ms @ http://localhost:3000/_next/static/chunks/b2633_next_dist_client_6f3397._.js:12266
[  587924ms] [LOG] [Fast Refresh] rebuilding @ http://localhost:3000/_next/static/chunks/b2633_next_dist_client_6f3397._.js:12439
[  587970ms] [LOG] [Fast Refresh] rebuilding @ http://localhost:3000/_next/static/chunks/b2633_next_dist_client_6f3397._.js:12439
[  590829ms] [LOG] [Fast Refresh] rebuilding @ http://localhost:3000/_next/static/chunks/b2633_next_dist_client_6f3397._.js:12439
[  590964ms] [LOG] [Fast Refresh] done in 135ms @ http://localhost:3000/_next/static/chunks/b2633_next_dist_client_6f3397._.js:12266
